This file contains any messages produced by compilers while
running configure, to aid debugging if configure makes a mistake.

It was created by liboslinux configure 1.0, which was
generated by GNU Autoconf 2.69.  Invocation command line was

  $ /home/remote/projects/ipc/trunk/ipc-dist/src/liboslinux-1.0.0.0/configure 

## --------- ##
## Platform. ##
## --------- ##

hostname = LC98611
uname -m = i686
uname -r = 3.4.11-2.16-desktop
uname -s = Linux
uname -v = #1 SMP PREEMPT Wed Sep 26 17:05:00 UTC 2012 (259fc87)

/usr/bin/uname -p = i686
/bin/uname -X     = unknown

/bin/arch              = i686
/usr/bin/arch -k       = unknown
/usr/convex/getsysinfo = unknown
/usr/bin/hostinfo      = unknown
/bin/machine           = unknown
/usr/bin/oslevel       = unknown
/bin/universe          = unknown

PATH: /usr/local/bin
PATH: /usr/bin
PATH: /bin
PATH: /usr/bin/X11
PATH: /usr/X11R6/bin
PATH: /usr/games
PATH: /opt/kde3/bin
PATH: /usr/lib/mit/bin
PATH: /usr/lib/mit/sbin
PATH: /usr/local/bin
PATH: /usr/bin
PATH: /bin
PATH: /usr/bin/X11
PATH: /usr/X11R6/bin
PATH: /usr/games
PATH: /opt/kde3/bin
PATH: /usr/lib/mit/bin
PATH: /usr/lib/mit/sbin


## ----------- ##
## Core tests. ##
## ----------- ##

configure:2167: checking for gcc
configure:2194: result: clang
configure:2423: checking for C compiler version
configure:2432: clang --version >&5
clang version 3.1 (branches/release_31 157047)
Target: i386-pc-linux-gnu
Thread model: posix
configure:2443: $? = 0
configure:2432: clang -v >&5
clang version 3.1 (branches/release_31 157047)
Target: i386-pc-linux-gnu
Thread model: posix
configure:2443: $? = 0
configure:2432: clang -V >&5
clang: error: argument to '-V' is missing (expected 1 value)
clang: error: no input files
configure:2443: $? = 1
configure:2432: clang -qversion >&5
clang: error: no input files
configure:2443: $? = 1
configure:2463: checking whether the C compiler works
configure:2485: clang    conftest.c  >&5
configure:2489: $? = 0
configure:2537: result: yes
configure:2540: checking for C compiler default output file name
configure:2542: result: a.out
configure:2548: checking for suffix of executables
configure:2555: clang -o conftest    conftest.c  >&5
configure:2559: $? = 0
configure:2581: result: 
configure:2603: checking whether we are cross compiling
configure:2611: clang -o conftest    conftest.c  >&5
configure:2615: $? = 0
configure:2622: ./conftest
configure:2626: $? = 0
configure:2641: result: no
configure:2646: checking for suffix of object files
configure:2668: clang -c   conftest.c >&5
configure:2672: $? = 0
configure:2693: result: o
configure:2697: checking whether we are using the GNU C compiler
configure:2716: clang -c   conftest.c >&5
configure:2716: $? = 0
configure:2725: result: yes
configure:2734: checking whether clang accepts -g
configure:2754: clang -c -g  conftest.c >&5
configure:2754: $? = 0
configure:2795: result: yes
configure:2812: checking for clang option to accept ISO C89
configure:2875: clang  -c -g -O2  conftest.c >&5
configure:2875: $? = 0
configure:2888: result: none needed
configure:2912: checking whether to enable maintainer-specific portions of Makefiles
configure:2921: result: no
configure:2968: checking build system type
configure:2982: result: i686-pc-linux-gnu
configure:3002: checking host system type
configure:3015: result: i686-pc-linux-gnu
configure:3035: checking target system type
configure:3048: result: i686-pc-linux-gnu
configure:3092: checking for a BSD-compatible install
configure:3160: result: /usr/bin/install -c
configure:3171: checking whether build environment is sane
configure:3226: result: yes
configure:3377: checking for a thread-safe mkdir -p
configure:3416: result: /usr/bin/mkdir -p
configure:3423: checking for gawk
configure:3439: found /usr/bin/gawk
configure:3450: result: gawk
configure:3461: checking whether make sets $(MAKE)
configure:3483: result: yes
configure:3513: checking for style of include used by make
configure:3541: result: GNU
configure:3628: checking dependency style of clang
configure:3739: result: gcc3
configure:3757: checking whether clang and cc understand -c and -o together
configure:3788: clang -c conftest.c -o conftest2.o >&5
configure:3792: $? = 0
configure:3798: clang -c conftest.c -o conftest2.o >&5
configure:3802: $? = 0
configure:3813: cc -c conftest.c >&5
configure:3817: $? = 0
configure:3825: cc -c conftest.c -o conftest2.o >&5
configure:3829: $? = 0
configure:3835: cc -c conftest.c -o conftest2.o >&5
configure:3839: $? = 0
configure:3857: result: yes
configure:3929: checking how to print strings
configure:3956: result: printf
configure:3977: checking for a sed that does not truncate output
configure:4041: result: /usr/bin/sed
configure:4059: checking for grep that handles long lines and -e
configure:4117: result: /usr/bin/grep
configure:4122: checking for egrep
configure:4184: result: /usr/bin/grep -E
configure:4189: checking for fgrep
configure:4251: result: /usr/bin/grep -F
configure:4286: checking for ld used by clang
configure:4353: result: llvm-ld
configure:4360: checking if the linker (llvm-ld) is GNU ld
configure:4375: result: no
configure:4387: checking for BSD- or MS-compatible name lister (nm)
configure:4436: result: /usr/bin/nm -B
configure:4566: checking the name lister (/usr/bin/nm -B) interface
configure:4573: clang -c -g -O2  conftest.c >&5
configure:4576: /usr/bin/nm -B "conftest.o"
configure:4579: output
00000000 B some_variable
configure:4586: result: BSD nm
configure:4589: checking whether ln -s works
configure:4593: result: yes
configure:4601: checking the maximum length of command line arguments
configure:4731: result: 1572864
configure:4748: checking whether the shell understands some XSI constructs
configure:4758: result: yes
configure:4762: checking whether the shell understands "+="
configure:4768: result: yes
configure:4803: checking how to convert i686-pc-linux-gnu file names to i686-pc-linux-gnu format
configure:4843: result: func_convert_file_noop
configure:4850: checking how to convert i686-pc-linux-gnu file names to toolchain format
configure:4870: result: func_convert_file_noop
configure:4877: checking for llvm-ld option to reload object files
configure:4884: result: -r
configure:4958: checking for objdump
configure:4974: found /usr/bin/objdump
configure:4985: result: objdump
configure:5017: checking how to recognize dependent libraries
configure:5219: result: pass_all
configure:5304: checking for dlltool
configure:5334: result: no
configure:5364: checking how to associate runtime and link libraries
configure:5391: result: printf %s\n
configure:5452: checking for ar
configure:5468: found /usr/bin/ar
configure:5479: result: ar
configure:5516: checking for archiver @FILE support
configure:5533: clang -c -g -O2  conftest.c >&5
configure:5533: $? = 0
configure:5536: ar cru libconftest.a @conftest.lst >&5
configure:5539: $? = 0
configure:5544: ar cru libconftest.a @conftest.lst >&5
ar: conftest.o: No such file or directory
configure:5547: $? = 1
configure:5559: result: @
configure:5617: checking for strip
configure:5633: found /usr/bin/strip
configure:5644: result: strip
configure:5716: checking for ranlib
configure:5732: found /usr/bin/ranlib
configure:5743: result: ranlib
configure:5845: checking command to parse /usr/bin/nm -B output from clang object
configure:5965: clang -c -g -O2  conftest.c >&5
configure:5968: $? = 0
configure:5972: /usr/bin/nm -B conftest.o \| sed -n -e 's/^.*[ ]\([ABCDGIRSTW][ABCDGIRSTW]*\)[ ][ ]*\([_A-Za-z][_A-Za-z0-9]*\)$/\1 \2 \2/p' | sed '/ __gnu_lto/d' \> conftest.nm
configure:5975: $? = 0
configure:6041: clang -o conftest -g -O2   conftest.c conftstm.o >&5
configure:6044: $? = 0
configure:6082: result: ok
configure:6119: checking for sysroot
configure:6149: result: no
configure:6405: checking for mt
configure:6421: found /usr/bin/mt
configure:6432: result: mt
configure:6455: checking if mt is a manifest tool
configure:6461: mt '-?'
configure:6469: result: no
configure:7111: checking how to run the C preprocessor
configure:7142: clang -E  conftest.c
configure:7142: $? = 0
configure:7156: clang -E  conftest.c
conftest.c:11:10: fatal error: 'ac_nonexistent.h' file not found
#include <ac_nonexistent.h>
         ^
1 error generated.
configure:7156: $? = 1
configure: failed program was:
| /* confdefs.h */
| #define PACKAGE_NAME "liboslinux"
| #define PACKAGE_TARNAME "liboslinux"
| #define PACKAGE_VERSION "1.0"
| #define PACKAGE_STRING "liboslinux 1.0"
| #define PACKAGE_BUGREPORT ""
| #define PACKAGE_URL ""
| #define PACKAGE "liboslinux"
| #define VERSION "1.0"
| /* end confdefs.h.  */
| #include <ac_nonexistent.h>
configure:7181: result: clang -E
configure:7201: clang -E  conftest.c
configure:7201: $? = 0
configure:7215: clang -E  conftest.c
conftest.c:11:10: fatal error: 'ac_nonexistent.h' file not found
#include <ac_nonexistent.h>
         ^
1 error generated.
configure:7215: $? = 1
configure: failed program was:
| /* confdefs.h */
| #define PACKAGE_NAME "liboslinux"
| #define PACKAGE_TARNAME "liboslinux"
| #define PACKAGE_VERSION "1.0"
| #define PACKAGE_STRING "liboslinux 1.0"
| #define PACKAGE_BUGREPORT ""
| #define PACKAGE_URL ""
| #define PACKAGE "liboslinux"
| #define VERSION "1.0"
| /* end confdefs.h.  */
| #include <ac_nonexistent.h>
configure:7244: checking for ANSI C header files
configure:7264: clang -c -g -O2  conftest.c >&5
configure:7264: $? = 0
configure:7337: clang -o conftest -g -O2   conftest.c  >&5
configure:7337: $? = 0
configure:7337: ./conftest
configure:7337: $? = 0
configure:7348: result: yes
configure:7361: checking for sys/types.h
configure:7361: clang -c -g -O2  conftest.c >&5
configure:7361: $? = 0
configure:7361: result: yes
configure:7361: checking for sys/stat.h
configure:7361: clang -c -g -O2  conftest.c >&5
configure:7361: $? = 0
configure:7361: result: yes
configure:7361: checking for stdlib.h
configure:7361: clang -c -g -O2  conftest.c >&5
configure:7361: $? = 0
configure:7361: result: yes
configure:7361: checking for string.h
configure:7361: clang -c -g -O2  conftest.c >&5
configure:7361: $? = 0
configure:7361: result: yes
configure:7361: checking for memory.h
configure:7361: clang -c -g -O2  conftest.c >&5
configure:7361: $? = 0
configure:7361: result: yes
configure:7361: checking for strings.h
configure:7361: clang -c -g -O2  conftest.c >&5
configure:7361: $? = 0
configure:7361: result: yes
configure:7361: checking for inttypes.h
configure:7361: clang -c -g -O2  conftest.c >&5
configure:7361: $? = 0
configure:7361: result: yes
configure:7361: checking for stdint.h
configure:7361: clang -c -g -O2  conftest.c >&5
configure:7361: $? = 0
configure:7361: result: yes
configure:7361: checking for unistd.h
configure:7361: clang -c -g -O2  conftest.c >&5
configure:7361: $? = 0
configure:7361: result: yes
configure:7375: checking for dlfcn.h
configure:7375: clang -c -g -O2  conftest.c >&5
configure:7375: $? = 0
configure:7375: result: yes
configure:7581: checking for objdir
configure:7596: result: .libs
configure:7863: checking if clang supports -fno-rtti -fno-exceptions
configure:7881: clang -c -g -O2  -fno-rtti -fno-exceptions conftest.c >&5
configure:7885: $? = 0
configure:7898: result: yes
configure:8225: checking for clang option to produce PIC
configure:8232: result: -fPIC -DPIC
configure:8240: checking if clang PIC flag -fPIC -DPIC works
configure:8258: clang -c -g -O2  -fPIC -DPIC -DPIC conftest.c >&5
configure:8262: $? = 0
configure:8275: result: yes
configure:8304: checking if clang static flag -static works
configure:8332: result: no
configure:8347: checking if clang supports -c -o file.o
configure:8368: clang -c -g -O2  -o out/conftest2.o conftest.c >&5
configure:8372: $? = 0
configure:8394: result: yes
configure:8402: checking if clang supports -c -o file.o
configure:8449: result: yes
configure:8482: checking whether the clang linker (llvm-ld) supports shared libraries
configure:9635: result: no
configure:9875: checking dynamic linker characteristics
configure:10386: clang -o conftest -g -O2    conftest.c  >&5
configure:10386: $? = 0
configure:10608: result: GNU/Linux ld.so
configure:10715: checking how to hardcode library paths into programs
configure:10740: result: unsupported
configure:11280: checking whether stripping libraries is possible
configure:11285: result: yes
configure:11320: checking if libtool supports shared libraries
configure:11322: result: no
configure:11325: checking whether to build shared libraries
configure:11346: result: no
configure:11349: checking whether to build static libraries
configure:11353: result: yes
configure:11394: checking whether to enable trace output
configure:11534: checking that generated files are newer than configure
configure:11540: result: done
configure:11567: creating ./config.status

## ---------------------- ##
## Running config.status. ##
## ---------------------- ##

This file was extended by liboslinux config.status 1.0, which was
generated by GNU Autoconf 2.69.  Invocation command line was

  CONFIG_FILES    = 
  CONFIG_HEADERS  = 
  CONFIG_LINKS    = 
  CONFIG_COMMANDS = 
  $ ./config.status 

on LC98611

config.status:1084: creating Makefile
config.status:1084: creating liboslinux/Makefile
config.status:1084: creating include/Makefile
config.status:1084: creating include/config.h
config.status:1313: executing depfiles commands
config.status:1313: executing libtool commands

## ---------------- ##
## Cache variables. ##
## ---------------- ##

ac_cv_build=i686-pc-linux-gnu
ac_cv_c_compiler_gnu=yes
ac_cv_env_CC_set=set
ac_cv_env_CC_value=clang
ac_cv_env_CFLAGS_set=
ac_cv_env_CFLAGS_value=
ac_cv_env_CPPFLAGS_set=
ac_cv_env_CPPFLAGS_value=
ac_cv_env_CPP_set=
ac_cv_env_CPP_value=
ac_cv_env_LDFLAGS_set=
ac_cv_env_LDFLAGS_value=
ac_cv_env_LIBS_set=
ac_cv_env_LIBS_value=
ac_cv_env_build_alias_set=
ac_cv_env_build_alias_value=
ac_cv_env_host_alias_set=
ac_cv_env_host_alias_value=
ac_cv_env_target_alias_set=
ac_cv_env_target_alias_value=
ac_cv_header_dlfcn_h=yes
ac_cv_header_inttypes_h=yes
ac_cv_header_memory_h=yes
ac_cv_header_stdc=yes
ac_cv_header_stdint_h=yes
ac_cv_header_stdlib_h=yes
ac_cv_header_string_h=yes
ac_cv_header_strings_h=yes
ac_cv_header_sys_stat_h=yes
ac_cv_header_sys_types_h=yes
ac_cv_header_unistd_h=yes
ac_cv_host=i686-pc-linux-gnu
ac_cv_objext=o
ac_cv_path_EGREP='/usr/bin/grep -E'
ac_cv_path_FGREP='/usr/bin/grep -F'
ac_cv_path_GREP=/usr/bin/grep
ac_cv_path_SED=/usr/bin/sed
ac_cv_path_install='/usr/bin/install -c'
ac_cv_path_mkdir=/usr/bin/mkdir
ac_cv_prog_AWK=gawk
ac_cv_prog_CPP='clang -E'
ac_cv_prog_ac_ct_AR=ar
ac_cv_prog_ac_ct_CC=clang
ac_cv_prog_ac_ct_MANIFEST_TOOL=mt
ac_cv_prog_ac_ct_OBJDUMP=objdump
ac_cv_prog_ac_ct_RANLIB=ranlib
ac_cv_prog_ac_ct_STRIP=strip
ac_cv_prog_cc_c89=
ac_cv_prog_cc_clang_c_o=yes
ac_cv_prog_cc_g=yes
ac_cv_prog_make_make_set=yes
ac_cv_target=i686-pc-linux-gnu
am_cv_CC_dependencies_compiler_type=gcc3
lt_cv_ar_at_file=@
lt_cv_deplibs_check_method=pass_all
lt_cv_file_magic_cmd='$MAGIC_CMD'
lt_cv_file_magic_test_file=
lt_cv_ld_reload_flag=-r
lt_cv_nm_interface='BSD nm'
lt_cv_objdir=.libs
lt_cv_path_LD=llvm-ld
lt_cv_path_NM='/usr/bin/nm -B'
lt_cv_path_mainfest_tool=no
lt_cv_prog_compiler_c_o=yes
lt_cv_prog_compiler_pic='-fPIC -DPIC'
lt_cv_prog_compiler_pic_works=yes
lt_cv_prog_compiler_rtti_exceptions=yes
lt_cv_prog_compiler_static_works=no
lt_cv_prog_gnu_ld=no
lt_cv_sharedlib_from_linklib_cmd='printf %s\n'
lt_cv_shlibpath_overrides_runpath=no
lt_cv_sys_global_symbol_pipe='sed -n -e '\''s/^.*[	 ]\([ABCDGIRSTW][ABCDGIRSTW]*\)[	 ][	 ]*\([_A-Za-z][_A-Za-z0-9]*\)$/\1 \2 \2/p'\'' | sed '\''/ __gnu_lto/d'\'''
lt_cv_sys_global_symbol_to_c_name_address='sed -n -e '\''s/^: \([^ ]*\)[ ]*$/  {\"\1\", (void *) 0},/p'\'' -e '\''s/^[ABCDGIRSTW]* \([^ ]*\) \([^ ]*\)$/  {"\2", (void *) \&\2},/p'\'''
lt_cv_sys_global_symbol_to_c_name_address_lib_prefix='sed -n -e '\''s/^: \([^ ]*\)[ ]*$/  {\"\1\", (void *) 0},/p'\'' -e '\''s/^[ABCDGIRSTW]* \([^ ]*\) \(lib[^ ]*\)$/  {"\2", (void *) \&\2},/p'\'' -e '\''s/^[ABCDGIRSTW]* \([^ ]*\) \([^ ]*\)$/  {"lib\2", (void *) \&\2},/p'\'''
lt_cv_sys_global_symbol_to_cdecl='sed -n -e '\''s/^T .* \(.*\)$/extern int \1();/p'\'' -e '\''s/^[ABCDGIRSTW]* .* \(.*\)$/extern char \1;/p'\'''
lt_cv_sys_max_cmd_len=1572864
lt_cv_to_host_file_cmd=func_convert_file_noop
lt_cv_to_tool_file_cmd=func_convert_file_noop

## ----------------- ##
## Output variables. ##
## ----------------- ##

ACLOCAL='${SHELL} /home/remote/projects/ipc/trunk/ipc-dist/src/liboslinux-1.0.0.0/missing --run aclocal-1.12'
AMDEPBACKSLASH='\'
AMDEP_FALSE='#'
AMDEP_TRUE=''
AMTAR='$${TAR-tar}'
AR='ar'
AUTOCONF='${SHELL} /home/remote/projects/ipc/trunk/ipc-dist/src/liboslinux-1.0.0.0/missing --run autoconf'
AUTOHEADER='${SHELL} /home/remote/projects/ipc/trunk/ipc-dist/src/liboslinux-1.0.0.0/missing --run autoheader'
AUTOMAKE='${SHELL} /home/remote/projects/ipc/trunk/ipc-dist/src/liboslinux-1.0.0.0/missing --run automake-1.12'
AWK='gawk'
CC='clang'
CCDEPMODE='depmode=gcc3'
CFLAGS='-g -O2'
CPP='clang -E'
CPPFLAGS=''
CYGPATH_W='echo'
DEFS='-DHAVE_CONFIG_H'
DEPDIR='.deps'
DLLTOOL='false'
DSYMUTIL=''
DUMPBIN=''
ECHO_C=''
ECHO_N='-n'
ECHO_T=''
EGREP='/usr/bin/grep -E'
EXEEXT=''
FGREP='/usr/bin/grep -F'
GREP='/usr/bin/grep'
INSTALL_DATA='${INSTALL} -m 644'
INSTALL_PROGRAM='${INSTALL}'
INSTALL_SCRIPT='${INSTALL}'
INSTALL_STRIP_PROGRAM='$(install_sh) -c -s'
LD='llvm-ld'
LDFLAGS=''
LIBOBJS=''
LIBS=''
LIBTOOL='$(SHELL) $(top_builddir)/libtool'
LIPO=''
LN_S='ln -s'
LTLIBOBJS=''
MAINT='#'
MAINTAINER_MODE_FALSE=''
MAINTAINER_MODE_TRUE='#'
MAKEINFO='${SHELL} /home/remote/projects/ipc/trunk/ipc-dist/src/liboslinux-1.0.0.0/missing --run makeinfo'
MANIFEST_TOOL=':'
MKDIR_P='/usr/bin/mkdir -p'
NM='/usr/bin/nm -B'
NMEDIT=''
OBJDUMP='objdump'
OBJEXT='o'
OS_TRACE_ENABLED_FALSE=''
OS_TRACE_ENABLED_TRUE='#'
OTOOL64=''
OTOOL=''
PACKAGE='liboslinux'
PACKAGE_BUGREPORT=''
PACKAGE_NAME='liboslinux'
PACKAGE_STRING='liboslinux 1.0'
PACKAGE_TARNAME='liboslinux'
PACKAGE_URL=''
PACKAGE_VERSION='1.0'
PATH_SEPARATOR=':'
RANLIB='ranlib'
SED='/usr/bin/sed'
SET_MAKE=''
SHELL='/bin/sh'
STRIP='strip'
VERSION='1.0'
ac_ct_AR='ar'
ac_ct_CC='clang'
ac_ct_DUMPBIN=''
am__EXEEXT_FALSE=''
am__EXEEXT_TRUE='#'
am__fastdepCC_FALSE='#'
am__fastdepCC_TRUE=''
am__include='include'
am__isrc=''
am__leading_dot='.'
am__nodep='_no'
am__quote=''
am__tar='$${TAR-tar} chof - "$$tardir"'
am__untar='$${TAR-tar} xf -'
bindir='${exec_prefix}/bin'
build='i686-pc-linux-gnu'
build_alias=''
build_cpu='i686'
build_os='linux-gnu'
build_vendor='pc'
datadir='${datarootdir}'
datarootdir='${prefix}/share'
docdir='${datarootdir}/doc/${PACKAGE_TARNAME}'
dvidir='${docdir}'
exec_prefix='${prefix}'
host='i686-pc-linux-gnu'
host_alias=''
host_cpu='i686'
host_os='linux-gnu'
host_vendor='pc'
htmldir='${docdir}'
includedir='${prefix}/include'
infodir='${datarootdir}/info'
install_sh='${SHELL} /home/remote/projects/ipc/trunk/ipc-dist/src/liboslinux-1.0.0.0/install-sh'
libdir='${exec_prefix}/lib'
libexecdir='${exec_prefix}/libexec'
localedir='${datarootdir}/locale'
localstatedir='${prefix}/var'
mandir='${datarootdir}/man'
mkdir_p='/usr/bin/mkdir -p'
oldincludedir='/usr/include'
pdfdir='${docdir}'
prefix='/usr/local'
program_transform_name='s,x,x,'
psdir='${docdir}'
sbindir='${exec_prefix}/sbin'
sharedstatedir='${prefix}/com'
sysconfdir='${prefix}/etc'
target='i686-pc-linux-gnu'
target_alias=''
target_cpu='i686'
target_os='linux-gnu'
target_vendor='pc'

## ----------- ##
## confdefs.h. ##
## ----------- ##

/* confdefs.h */
#define PACKAGE_NAME "liboslinux"
#define PACKAGE_TARNAME "liboslinux"
#define PACKAGE_VERSION "1.0"
#define PACKAGE_STRING "liboslinux 1.0"
#define PACKAGE_BUGREPORT ""
#define PACKAGE_URL ""
#define PACKAGE "liboslinux"
#define VERSION "1.0"
#define STDC_HEADERS 1
#define HAVE_SYS_TYPES_H 1
#define HAVE_SYS_STAT_H 1
#define HAVE_STDLIB_H 1
#define HAVE_STRING_H 1
#define HAVE_MEMORY_H 1
#define HAVE_STRINGS_H 1
#define HAVE_INTTYPES_H 1
#define HAVE_STDINT_H 1
#define HAVE_UNISTD_H 1
#define HAVE_DLFCN_H 1
#define LT_OBJDIR ".libs/"

configure: exit 0

## ---------------------- ##
## Running config.status. ##
## ---------------------- ##

This file was extended by liboslinux config.status 1.0, which was
generated by GNU Autoconf 2.69.  Invocation command line was

  CONFIG_FILES    = 
  CONFIG_HEADERS  = 
  CONFIG_LINKS    = 
  CONFIG_COMMANDS = 
  $ ./config.status include/config.h

on LC98611

config.status:1084: creating include/config.h
config.status:1265: include/config.h is unchanged
